<?xml version="1.0" encoding="UTF-8"?>
<!-- Generated by org.testng.reporters.JUnitReportReporter -->
<testsuite hostname="DESKTOP-677VA69" failures="0" tests="2" name="get_test" time="8.283" errors="0" timestamp="2021-02-02T18:30:12 GMT-08:00" skipped="0">
  <testcase classname="get_test" name="test1" time="6.450"/>
  <system-out/>
  <testcase classname="get_test" name="test2" time="1.833"/>
  <system-out/>
</testsuite> <!-- get_test -->
